<?xml version="1.0" encoding="UTF-8"?>
<!-- Generated by org.testng.reporters.JUnitReportReporter -->
<testsuite hostname="UIPathPC" failures="0" tests="2" name="exl.googlemap.GoogleMapWebUITests" time="28.302" errors="0" timestamp="2021-04-15T12:41:18 GMT" skipped="0">
  <testcase classname="exl.googlemap.GoogleMapWebUITests" name="Given_GoogleMap_Page_Is_Opened_In_Chrome_When_Search_Route_Between_Cities_Then_RouteOptions_Returned_Should_Be_Eql_Expected_RouteOptions_And_Route_Data_Written_To_File" time="15.982"/>
  <system-out/>
  <testcase classname="exl.googlemap.GoogleMapWebUITests" name="Given_GoogleMap_Page_Is_Opened_In_FireFox_When_Search_Route_Between_Cities_Then_RouteOptions_Returned_Should_Be_Eql_Expected_RouteOptions_And_Route_Data_Written_To_File" time="12.320"/>
  <system-out/>
</testsuite> <!-- exl.googlemap.GoogleMapWebUITests -->
